  RayTracer.cpp
D:\code\RayTracer\vec3.h(48,68): warning C4244: “参数”: 从“double”转换到“float”，可能丢失数据
D:\code\RayTracer\vec3.h(48,51): warning C4244: “参数”: 从“double”转换到“float”，可能丢失数据
D:\code\RayTracer\vec3.h(48,34): warning C4244: “参数”: 从“double”转换到“float”，可能丢失数据
D:\code\RayTracer\vec3.h(52,84): warning C4244: “参数”: 从“double”转换到“float”，可能丢失数据
D:\code\RayTracer\vec3.h(52,59): warning C4244: “参数”: 从“double”转换到“float”，可能丢失数据
D:\code\RayTracer\vec3.h(52,34): warning C4244: “参数”: 从“double”转换到“float”，可能丢失数据
D:\code\RayTracer\vec3.h(77,13): warning C4244: “初始化”: 从“double”转换到“float”，可能丢失数据
D:\code\RayTracer\color.h(15,13): warning C4244: “=”: 从“double”转换到“float”，可能丢失数据
D:\code\RayTracer\color.h(16,13): warning C4244: “=”: 从“double”转换到“float”，可能丢失数据
D:\code\RayTracer\color.h(17,13): warning C4244: “=”: 从“double”转换到“float”，可能丢失数据
D:\code\RayTracer\sphere.h(42,18): warning C4244: “参数”: 从“double”转换到“float”，可能丢失数据
D:\code\RayTracer\sphere.h(43,43): warning C4244: “参数”: 从“const double”转换到“float”，可能丢失数据
D:\code\RayTracer\camera.h(15,21): warning C4244: “参数”: 从“double”转换到“float”，可能丢失数据
D:\code\RayTracer\camera.h(16,24): warning C4244: “参数”: 从“double”转换到“float”，可能丢失数据
D:\code\RayTracer\camera.h(17,75): warning C4244: “参数”: 从“double”转换到“float”，可能丢失数据
D:\code\RayTracer\camera.h(21,42): warning C4244: “参数”: 从“double”转换到“float”，可能丢失数据
D:\code\RayTracer\camera.h(21,59): warning C4244: “参数”: 从“double”转换到“float”，可能丢失数据
D:\code\RayTracer\RayTracer.cpp(27,17): warning C4244: “参数”: 从“double”转换到“float”，可能丢失数据
D:\code\RayTracer\RayTracer.cpp(27,68): warning C4305: “参数”: 从“double”到“float”截断
D:\code\RayTracer\RayTracer.cpp(27,46): warning C4244: “参数”: 从“double”转换到“float”，可能丢失数据
D:\code\RayTracer\RayTracer.cpp(44,72): warning C4305: “参数”: 从“double”到“float”截断
D:\code\RayTracer\RayTracer.cpp(45,72): warning C4305: “参数”: 从“double”到“float”截断
D:\code\RayTracer\RayTracer.cpp(46,65): warning C4305: “参数”: 从“double”到“float”截断
D:\code\RayTracer\RayTracer.cpp(47,66): warning C4305: “参数”: 从“double”到“float”截断
  正在生成代码
  1 of 349 functions ( 0.3%) were compiled, the rest were copied from previous compilation.
    0 functions were new in current compilation
    0 functions had inline decision re-evaluated but remain unchanged
  已完成代码的生成
  RayTracer.vcxproj -> D:\code\RayTracer\x64\Release\RayTracer.exe
