  RayTracer.cpp
D:\code\RayTracer\vec3.h(48,68): warning C4244: “参数”: 从“double”转换到“float”，可能丢失数据
D:\code\RayTracer\vec3.h(48,51): warning C4244: “参数”: 从“double”转换到“float”，可能丢失数据
D:\code\RayTracer\vec3.h(48,34): warning C4244: “参数”: 从“double”转换到“float”，可能丢失数据
D:\code\RayTracer\vec3.h(52,84): warning C4244: “参数”: 从“double”转换到“float”，可能丢失数据
D:\code\RayTracer\vec3.h(52,59): warning C4244: “参数”: 从“double”转换到“float”，可能丢失数据
D:\code\RayTracer\vec3.h(52,34): warning C4244: “参数”: 从“double”转换到“float”，可能丢失数据
D:\code\RayTracer\vec3.h(70,13): warning C4244: “初始化”: 从“double”转换到“float”，可能丢失数据
D:\code\RayTracer\color.h(15,13): warning C4244: “=”: 从“double”转换到“float”，可能丢失数据
D:\code\RayTracer\color.h(16,13): warning C4244: “=”: 从“double”转换到“float”，可能丢失数据
D:\code\RayTracer\color.h(17,13): warning C4244: “=”: 从“double”转换到“float”，可能丢失数据
D:\code\RayTracer\sphere.h(40,18): warning C4244: “参数”: 从“double”转换到“float”，可能丢失数据
D:\code\RayTracer\sphere.h(41,43): warning C4244: “参数”: 从“const double”转换到“float”，可能丢失数据
D:\code\RayTracer\camera.h(15,21): warning C4244: “参数”: 从“double”转换到“float”，可能丢失数据
D:\code\RayTracer\camera.h(16,24): warning C4244: “参数”: 从“double”转换到“float”，可能丢失数据
D:\code\RayTracer\camera.h(17,75): warning C4244: “参数”: 从“double”转换到“float”，可能丢失数据
D:\code\RayTracer\camera.h(21,42): warning C4244: “参数”: 从“double”转换到“float”，可能丢失数据
D:\code\RayTracer\camera.h(21,59): warning C4244: “参数”: 从“double”转换到“float”，可能丢失数据
D:\code\RayTracer\RayTracer.cpp(21,17): warning C4244: “参数”: 从“double”转换到“float”，可能丢失数据
D:\code\RayTracer\RayTracer.cpp(21,68): warning C4305: “参数”: 从“double”到“float”截断
D:\code\RayTracer\RayTracer.cpp(21,46): warning C4244: “参数”: 从“double”转换到“float”，可能丢失数据
D:\code\RayTracer\sphere.h(43): warning C4715: “sphere::hit”: 不是所有的控件路径都返回值
  RayTracer.vcxproj -> D:\code\RayTracer\Debug\RayTracer.exe
